<?xml version="1.0" encoding="UTF-8"?>
<!-- Generated by org.testng.reporters.JUnitXMLReporter -->
<testsuite ignored="0" hostname="Admin" failures="0" tests="4" name="Default test" time="0.094" errors="0" timestamp="2020-12-17T14:54:46 GMT+07:00">
  <testcase classname="Bookings.BookFlight" name="BookFlight_OneWay_TestCase4" time="0.007"/>
  <testcase classname="Bookings.BookFlight" name="BookFlight_RoundTrip_TestCase1" time="0.004"/>
  <testcase classname="Bookings.BookFlight" name="BookFlight_OneWay_TestCase3" time="0.002"/>
  <testcase classname="Bookings.BookFlight" name="BookFlight_RoundTrip_TestCase2" time="0.002"/>
</testsuite> <!-- Default test -->
