<?xml version="1.0" encoding="UTF-8"?>
<testng-results ignored="0" total="4" passed="4" failed="0" skipped="0">
  <reporter-output>
  </reporter-output>
  <suite started-at="2020-12-17T14:54:46 GMT+07:00" name="Default suite" finished-at="2020-12-17T14:54:46 GMT+07:00" duration-ms="94">
    <groups>
    </groups>
    <test started-at="2020-12-17T14:54:46 GMT+07:00" name="Default test" finished-at="2020-12-17T14:54:46 GMT+07:00" duration-ms="94">
      <class name="Bookings.BookFlight">
        <test-method is-config="true" signature="Beforetesttestcase1()[pri:0, instance:Bookings.BookFlight@4fe767f3]" started-at="2020-12-17T14:54:46 GMT+07:00" name="Beforetesttestcase1" finished-at="2020-12-17T14:54:46 GMT+07:00" duration-ms="20" status="PASS">
          <reporter-output>
          </reporter-output>
        </test-method> <!-- Beforetesttestcase1 -->
        <test-method is-config="true" signature="BeforeMethodTestcase1()[pri:0, instance:Bookings.BookFlight@4fe767f3]" started-at="2020-12-17T14:54:46 GMT+07:00" name="BeforeMethodTestcase1" finished-at="2020-12-17T14:54:46 GMT+07:00" duration-ms="0" status="PASS">
          <reporter-output>
          </reporter-output>
        </test-method> <!-- BeforeMethodTestcase1 -->
        <test-method signature="BookFlight_OneWay_TestCase4()[pri:0, instance:Bookings.BookFlight@4fe767f3]" started-at="2020-12-17T14:54:46 GMT+07:00" name="BookFlight_OneWay_TestCase4" finished-at="2020-12-17T14:54:46 GMT+07:00" duration-ms="7" status="PASS">
          <reporter-output>
          </reporter-output>
        </test-method> <!-- BookFlight_OneWay_TestCase4 -->
        <test-method is-config="true" signature="AfterMethodTestcase1()[pri:0, instance:Bookings.BookFlight@4fe767f3]" started-at="2020-12-17T14:54:46 GMT+07:00" name="AfterMethodTestcase1" finished-at="2020-12-17T14:54:46 GMT+07:00" duration-ms="1" status="PASS">
          <reporter-output>
          </reporter-output>
        </test-method> <!-- AfterMethodTestcase1 -->
        <test-method is-config="true" signature="BeforeMethodTestcase1()[pri:0, instance:Bookings.BookFlight@4fe767f3]" started-at="2020-12-17T14:54:46 GMT+07:00" name="BeforeMethodTestcase1" finished-at="2020-12-17T14:54:46 GMT+07:00" duration-ms="1" status="PASS">
          <reporter-output>
          </reporter-output>
        </test-method> <!-- BeforeMethodTestcase1 -->
        <test-method signature="BookFlight_RoundTrip_TestCase1()[pri:0, instance:Bookings.BookFlight@4fe767f3]" started-at="2020-12-17T14:54:46 GMT+07:00" name="BookFlight_RoundTrip_TestCase1" finished-at="2020-12-17T14:54:46 GMT+07:00" duration-ms="4" status="PASS">
          <reporter-output>
          </reporter-output>
        </test-method> <!-- BookFlight_RoundTrip_TestCase1 -->
        <test-method is-config="true" signature="AfterMethodTestcase1()[pri:0, instance:Bookings.BookFlight@4fe767f3]" started-at="2020-12-17T14:54:46 GMT+07:00" name="AfterMethodTestcase1" finished-at="2020-12-17T14:54:46 GMT+07:00" duration-ms="1" status="PASS">
          <reporter-output>
          </reporter-output>
        </test-method> <!-- AfterMethodTestcase1 -->
        <test-method is-config="true" signature="BeforeMethodTestcase1()[pri:0, instance:Bookings.BookFlight@4fe767f3]" started-at="2020-12-17T14:54:46 GMT+07:00" name="BeforeMethodTestcase1" finished-at="2020-12-17T14:54:46 GMT+07:00" duration-ms="1" status="PASS">
          <reporter-output>
          </reporter-output>
        </test-method> <!-- BeforeMethodTestcase1 -->
        <test-method signature="BookFlight_OneWay_TestCase3()[pri:0, instance:Bookings.BookFlight@4fe767f3]" started-at="2020-12-17T14:54:46 GMT+07:00" name="BookFlight_OneWay_TestCase3" finished-at="2020-12-17T14:54:46 GMT+07:00" duration-ms="2" status="PASS">
          <reporter-output>
          </reporter-output>
        </test-method> <!-- BookFlight_OneWay_TestCase3 -->
        <test-method is-config="true" signature="AfterMethodTestcase1()[pri:0, instance:Bookings.BookFlight@4fe767f3]" started-at="2020-12-17T14:54:46 GMT+07:00" name="AfterMethodTestcase1" finished-at="2020-12-17T14:54:46 GMT+07:00" duration-ms="1" status="PASS">
          <reporter-output>
          </reporter-output>
        </test-method> <!-- AfterMethodTestcase1 -->
        <test-method is-config="true" signature="BeforeMethodTestcase1()[pri:0, instance:Bookings.BookFlight@4fe767f3]" started-at="2020-12-17T14:54:46 GMT+07:00" name="BeforeMethodTestcase1" finished-at="2020-12-17T14:54:46 GMT+07:00" duration-ms="0" status="PASS">
          <reporter-output>
          </reporter-output>
        </test-method> <!-- BeforeMethodTestcase1 -->
        <test-method signature="BookFlight_RoundTrip_TestCase2()[pri:0, instance:Bookings.BookFlight@4fe767f3]" started-at="2020-12-17T14:54:46 GMT+07:00" name="BookFlight_RoundTrip_TestCase2" finished-at="2020-12-17T14:54:46 GMT+07:00" depends-on-methods="Bookings.BookFlight.BookFlight_RoundTrip_TestCase1" duration-ms="2" status="PASS">
          <reporter-output>
          </reporter-output>
        </test-method> <!-- BookFlight_RoundTrip_TestCase2 -->
        <test-method is-config="true" signature="AfterMethodTestcase1()[pri:0, instance:Bookings.BookFlight@4fe767f3]" started-at="2020-12-17T14:54:46 GMT+07:00" name="AfterMethodTestcase1" finished-at="2020-12-17T14:54:46 GMT+07:00" duration-ms="0" status="PASS">
          <reporter-output>
          </reporter-output>
        </test-method> <!-- AfterMethodTestcase1 -->
        <test-method is-config="true" signature="Aftertesttestcase1()[pri:0, instance:Bookings.BookFlight@4fe767f3]" started-at="2020-12-17T14:54:46 GMT+07:00" name="Aftertesttestcase1" finished-at="2020-12-17T14:54:46 GMT+07:00" duration-ms="0" status="PASS">
          <reporter-output>
          </reporter-output>
        </test-method> <!-- Aftertesttestcase1 -->
      </class> <!-- Bookings.BookFlight -->
    </test> <!-- Default test -->
  </suite> <!-- Default suite -->
</testng-results>
